<?xml version="1.0" encoding="UTF-8"?>
<Site BuildName="Win32-mingw32-make"
	BuildStamp="20240509-1028-Experimental"
	Name="DESKTOP-FLUBH57"
	Generator="ctest-3.29.2"
	CompilerName="C:/msys64/ucrt64/bin/g++.exe"
	CompilerVersion="13.2.0"
	OSName="Windows"
	Hostname="DESKTOP-FLUBH57"
	OSRelease=" Personal"
	OSVersion=" (Build 19045)"
	OSPlatform="AMD64"
	Is64Bits="1"
	VendorString="GenuineIntel"
	VendorID="Intel Corporation"
	FamilyID="6"
	ModelID="14"
	ProcessorCacheSize="-1"
	NumberOfLogicalCPU="8"
	NumberOfPhysicalCPU="4"
	TotalVirtualMemory="18758"
	TotalPhysicalMemory="16326"
	LogicalProcessorsPerPhysical="2"
	ProcessorClockFrequency="3600"
	>
	<Testing>
		<StartDateTime>May 09 12:46 Mitteleurop[NON-UTF-8-BYTE-0xE4]ische Sommerzeit</StartDateTime>
		<StartTestTime>1715251616</StartTestTime>
		<TestList/>
		<EndDateTime>May 09 12:46 Mitteleurop[NON-UTF-8-BYTE-0xE4]ische Sommerzeit</EndDateTime>
		<EndTestTime>1715251616</EndTestTime>
		<ElapsedMinutes>0</ElapsedMinutes>
	</Testing>
</Site>
